{
  message: 'listening on port 3000',
  level: 'info',
  timestamp: '28-Dec-2022 12:37:35'
}
{
  message: 'listening on port 3000',
  level: 'info',
  timestamp: '28-Dec-2022 18:07:00'
}
{
  message: 'listening on port 3000',
  level: 'info',
  timestamp: '28-Dec-2022 18:07:29'
}
{
  message: 'listening on port 3000',
  level: 'info',
  timestamp: '28-Dec-2022 18:09:05'
}
{
  message: 'listening on port 3000',
  level: 'info',
  timestamp: '28-Dec-2022 18:22:26'
}
{
  message: 'listening on port 3000',
  level: 'info',
  timestamp: '28-Dec-2022 18:22:42'
}
{
  message: 'listening on port 3000',
  level: 'info',
  timestamp: '28-Dec-2022 18:22:53'
}
{
  message: 'listening on port 3000',
  level: 'info',
  timestamp: '28-Dec-2022 18:24:00'
}
{
  message: 'listening on port 3000',
  level: 'info',
  timestamp: '28-Dec-2022 18:24:02'
}
{
  message: 'listening on port 3000',
  level: 'info',
  timestamp: '28-Dec-2022 18:24:07'
}
{
  message: 'listening on port 3000',
  level: 'info',
  timestamp: '28-Dec-2022 18:24:11'
}
